ЁЯжК [Melina] Ready
ЁЯжК Starting Melina server...
ЁЯУБ Discovered 4 routes:
   тЪб /api/messages -> app\api\messages\route.ts
   ЁЯУД /messenger -> app\messenger\page.tsx (1 layouts)
   ЁЯУД / -> app\page.tsx (1 layouts)
   ЁЯУД /post/:id -> app\post\[id]\page.tsx (1 layouts)
ЁЯУД Found global CSS: app\globals.css
ЁЯжК Melina server running at http://localhost:3333
> [5yyp6dtj] GET http://localhost:3333/ (kan50d)
Browserslist: browsers data (caniuse-lite) is 9 months old. Please run:
  npx update-browserslist-db@latest
  Why you should do it regularly: https://github.com/browserslist/update-db#readme
ЁЯУж [Melina] Client script built: page.client.tsx -> /page.client-225v776s.js
ЁЯУж [Melina] Client script built: layout.client.tsx -> /layout.client-8m8gpchg.js
ЁЯжК [Melina] Runtime bundled: /melina-runtime-td2nnnk4.js
< [5yyp6dtj][kan50d] тЬУ 312.94ms
> [kz89phcb] GET http://localhost:3333/globals-1ee6acca.css (bz78zm)
< [kz89phcb][bz78zm] тЬУ 0.15ms
> [ixyo97e5] GET http://localhost:3333/melina-runtime-td2nnnk4.js (xrkkdc)
< [ixyo97e5][xrkkdc] тЬУ 0.06ms
> [hdvkkp2i] GET http://localhost:3333/layout.client-8m8gpchg.js (phz02o)
< [hdvkkp2i][phz02o] тЬУ 0.16ms
> [sgrqak87] GET http://localhost:3333/page.client-225v776s.js (bstmyh)
< [sgrqak87][bstmyh] тЬУ 0.10ms
> [g8rcf50o] GET http://localhost:3333/api/messages (5n5uxr)
< [g8rcf50o][5n5uxr] тЬУ 19.48ms
> [q3l916xz] GET http://localhost:3333/ (wbhn3l)
ЁЯУж [Melina] Client script built: page.client.tsx -> /page.client-225v776s.js
ЁЯУж [Melina] Client script built: layout.client.tsx -> /layout.client-8m8gpchg.js
ЁЯжК [Melina] Runtime bundled: /melina-runtime-td2nnnk4.js
< [q3l916xz][wbhn3l] тЬУ 80.26ms
> [4jh0pa9f] GET http://localhost:3333/globals-1ee6acca.css (lsj6s9)
< [4jh0pa9f][lsj6s9] тЬУ 0.15ms
> [8gh8thqb] GET http://localhost:3333/melina-runtime-td2nnnk4.js (k1uky0)
< [8gh8thqb][k1uky0] тЬУ 0.10ms
> [el2dn7j0] GET http://localhost:3333/layout.client-8m8gpchg.js (ucfjki)
< [el2dn7j0][ucfjki] тЬУ 0.46ms
> [nejwxmw7] GET http://localhost:3333/page.client-225v776s.js (gwwyb9)
< [nejwxmw7][gwwyb9] тЬУ 0.16ms
> [311obpws] GET http://localhost:3333/api/messages (eb0nvr)
< [311obpws][eb0nvr] тЬУ 0.97ms
